<?xml version="1.0" encoding="UTF-8"?>
<Site BuildName="(empty)"
	BuildStamp="20230408-1714-Experimental"
	Name="(empty)"
	Generator="ctest-3.20.0"
	CompilerName=""
	CompilerVersion=""
	OSName="Windows"
	Hostname="LAPTOP-HQ0GF5B3"
	OSRelease=" Professional"
	OSVersion=" (Build 19045)"
	OSPlatform="AMD64"
	Is64Bits="1"
	VendorString="AuthenticAMD"
	VendorID="Advanced Micro Devices"
	FamilyID="15"
	ModelID="0"
	ProcessorCacheSize="64"
	NumberOfLogicalCPU="6"
	NumberOfPhysicalCPU="6"
	TotalVirtualMemory="26503"
	TotalPhysicalMemory="7541"
	LogicalProcessorsPerPhysical="1"
	ProcessorClockFrequency="2370"
	>
	<Testing>
		<StartDateTime>Apr 08 19:14 Central European Summer Time</StartDateTime>
		<StartTestTime>1680974094</StartTestTime>
		<TestList/>
		<EndDateTime>Apr 08 19:14 Central European Summer Time</EndDateTime>
		<EndTestTime>1680974094</EndTestTime>
		<ElapsedMinutes>0</ElapsedMinutes>
	</Testing>
</Site>
